2023.01.02 10:41:22 INFO  tracing is disabled for protocol LSP, to enable tracing of incoming and outgoing JSON messages create an empty file at /Users/julianmclain/code/yay-area/.metals/lsp.trace.json or /Users/julianmclain/Library/Caches/org.scalameta.metals/lsp.trace.json
2023.01.02 10:41:22 INFO  logging to file /Users/julianmclain/code/yay-area/.metals/metals.log
2023.01.02 10:41:22 INFO  Started: Metals version 0.11.10 in workspace '/Users/julianmclain/code/yay-area' for client Visual Studio Code 1.74.0.
2023.01.02 10:41:22 WARN  Can't instantiate JavaInteractiveSemanticdb (version: JdkVersion(8), jdkHome: /Library/Internet Plug-Ins/JavaAppletPlugin.plugin/Contents/Home, javac exists: false)
SLF4J: No SLF4J providers were found.
SLF4J: Defaulting to no-operation (NOP) logger implementation
SLF4J: See https://www.slf4j.org/codes.html#noProviders for further details.
SLF4J: Class path contains SLF4J bindings targeting slf4j-api versions 1.7.x or earlier.
SLF4J: Ignoring binding found at [jar:file:/Users/julianmclain/Library/Caches/Coursier/v1/https/repo1.maven.org/maven2/com/outr/scribe-slf4j_2.13/3.10.5/scribe-slf4j_2.13-3.10.5.jar!/org/slf4j/impl/StaticLoggerBinder.class]
SLF4J: See https://www.slf4j.org/codes.html#ignoredBindings for an explanation.
2023.01.02 10:41:24 INFO  time: initialize in 1.29s
2023.01.02 10:41:24 WARN  Build server is not auto-connectable.
2023.01.02 10:41:24 WARN  no build tool detected in workspace '/Users/julianmclain/code/yay-area'. The most common cause for this problem is that the editor was opened in the wrong working directory, for example if you use sbt then the workspace directory should contain build.sbt. 
2023.01.02 10:41:31 INFO  no build target found for /Users/julianmclain/code/yay-area/draft.sc. Using presentation compiler with project's scala-library version: 3.2.1
Jan 02, 2023 10:41:31 AM org.eclipse.lsp4j.jsonrpc.RemoteEndpoint handleCancellation
WARNING: Unmatched cancel notification for request id 4
Jan 02, 2023 10:41:31 AM org.eclipse.lsp4j.jsonrpc.RemoteEndpoint handleCancellation
WARNING: Unmatched cancel notification for request id 24
Jan 02, 2023 10:41:31 AM org.eclipse.lsp4j.jsonrpc.RemoteEndpoint handleCancellation
WARNING: Unmatched cancel notification for request id 11
Jan 02, 2023 10:41:31 AM org.eclipse.lsp4j.jsonrpc.RemoteEndpoint handleCancellation
WARNING: Unmatched cancel notification for request id 30
Jan 02, 2023 10:41:31 AM org.eclipse.lsp4j.jsonrpc.RemoteEndpoint handleCancellation
WARNING: Unmatched cancel notification for request id 28
2023.01.02 10:41:33 INFO  time: code lens generation in 1.51s
2023.01.02 10:41:33 INFO  time: code lens generation in 1.56s
2023.01.02 10:41:33 INFO  time: code lens generation in 1.64s
2023.01.02 10:41:33 INFO  time: code lens generation in 1.69s
2023.01.02 10:41:33 INFO  time: code lens generation in 1.53s
2023.01.02 10:41:33 INFO  time: code lens generation in 1.59s
2023.01.02 10:41:44 INFO  tracing is disabled for protocol BSP, to enable tracing of incoming and outgoing JSON messages create an empty file at /Users/julianmclain/code/yay-area/.metals/bsp.trace.json or /Users/julianmclain/Library/Caches/org.scalameta.metals/bsp.trace.json
2023.01.02 10:41:45 INFO  Ammonite: Starting BSP server

2023.01.02 10:41:46 INFO  Connected to Ammonite Build server v2.5.5
2023.01.02 10:41:47 WARN  Ammonite does not support `buildTarget/jvmRunEnvironment`, unable to fetch run environment.
2023.01.02 10:41:47 WARN  Could not find java sources in /Library/Internet Plug-Ins/JavaAppletPlugin.plugin/Contents/src.zip, /Library/Internet Plug-Ins/JavaAppletPlugin.plugin/Contents/lib/src.zip, /Library/Internet Plug-Ins/JavaAppletPlugin.plugin/Contents/Home/src.zip, /Library/Internet Plug-Ins/JavaAppletPlugin.plugin/Contents/Home/lib/src.zip. Java symbols will not be available.
2023.01.02 10:41:47 WARN  Could not find java sources in /Library/Internet Plug-Ins/JavaAppletPlugin.plugin/Contents/src.zip, /Library/Internet Plug-Ins/JavaAppletPlugin.plugin/Contents/lib/src.zip, /Library/Internet Plug-Ins/JavaAppletPlugin.plugin/Contents/Home/src.zip, /Library/Internet Plug-Ins/JavaAppletPlugin.plugin/Contents/Home/lib/src.zip. Java symbols will not be available.
2023.01.02 10:41:50 WARN  Could not find java sources in /Library/Internet Plug-Ins/JavaAppletPlugin.plugin/Contents/src.zip, /Library/Internet Plug-Ins/JavaAppletPlugin.plugin/Contents/lib/src.zip, /Library/Internet Plug-Ins/JavaAppletPlugin.plugin/Contents/Home/src.zip, /Library/Internet Plug-Ins/JavaAppletPlugin.plugin/Contents/Home/lib/src.zip. Java symbols will not be available.
2023.01.02 10:41:50 INFO  time: indexed workspace in 2.45s
2023.01.02 10:41:53 INFO  compiling draft.sc
2023.01.02 10:42:52 INFO  time: compiled draft.sc in 58s
Jan 02, 2023 10:42:52 AM org.eclipse.lsp4j.jsonrpc.RemoteEndpoint handleCancellation
WARNING: Unmatched cancel notification for request id 50
Jan 02, 2023 10:42:52 AM org.eclipse.lsp4j.jsonrpc.RemoteEndpoint handleCancellation
WARNING: Unmatched cancel notification for request id 51
Jan 02, 2023 10:42:52 AM org.eclipse.lsp4j.jsonrpc.RemoteEndpoint handleCancellation
WARNING: Unmatched cancel notification for request id 58
Jan 02, 2023 10:42:52 AM org.eclipse.lsp4j.jsonrpc.RemoteEndpoint handleCancellation
WARNING: Unmatched cancel notification for request id 52
exception caught when loading module class package$: java.lang.AssertionError: assertion failed: coursierapi.shaded.coursier.package$. already has a symbol
exception caught when loading module class Tag$: java.lang.AssertionError: assertion failed: coursierapi.shaded.coursier.package$. already has a symbol
Jan 02, 2023 10:43:04 AM scala.meta.internal.pc.CompilerSearchVisitor isAccessible
SEVERE: assertion failed: coursierapi.shaded.coursier.package$. already has a symbol
java.lang.AssertionError: assertion failed: coursierapi.shaded.coursier.package$. already has a symbol
	at scala.runtime.Scala3RunTime$.assertFailed(Scala3RunTime.scala:8)
	at dotty.tools.dotc.core.SymbolLoaders$.enterNew(SymbolLoaders.scala:42)
	at dotty.tools.dotc.core.SymbolLoaders$.enterClass(SymbolLoaders.scala:53)
	at dotty.tools.dotc.core.SymbolLoaders$.enterClassAndModule(SymbolLoaders.scala:104)
	at dotty.tools.dotc.core.classfile.ClassfileParser.enterClassAndModule$1(ClassfileParser.scala:857)
	at dotty.tools.dotc.core.classfile.ClassfileParser.enterOwnInnerClasses$$anonfun$1(ClassfileParser.scala:865)
	at scala.runtime.function.JProcedure1.apply(JProcedure1.java:15)
	at scala.runtime.function.JProcedure1.apply(JProcedure1.java:10)
	at scala.collection.IterableOnceOps.foreach(IterableOnce.scala:575)
	at scala.collection.IterableOnceOps.foreach$(IterableOnce.scala:573)
	at dotty.tools.dotc.util.GenericHashMap$EntryIterator.foreach(GenericHashMap.scala:166)
	at dotty.tools.dotc.core.classfile.ClassfileParser.enterOwnInnerClasses(ClassfileParser.scala:865)
	at dotty.tools.dotc.core.classfile.ClassfileParser.parseClass(ClassfileParser.scala:201)
	at dotty.tools.dotc.core.classfile.ClassfileParser.$anonfun$1(ClassfileParser.scala:88)
	at dotty.tools.dotc.core.classfile.ClassfileParser.run(ClassfileParser.scala:83)
	at dotty.tools.dotc.core.ClassfileLoader.load(SymbolLoaders.scala:411)
	at dotty.tools.dotc.core.ClassfileLoader.doComplete(SymbolLoaders.scala:406)
	at dotty.tools.dotc.core.SymbolLoader$$anon$1.doComplete(SymbolLoaders.scala:325)
	at dotty.tools.dotc.core.SymbolLoader.complete(SymbolLoaders.scala:340)
	at dotty.tools.dotc.core.SymDenotations$SymDenotation.completeFrom(SymDenotations.scala:167)
	at dotty.tools.dotc.core.Denotations$Denotation.completeInfo$1(Denotations.scala:187)
	at dotty.tools.dotc.core.Denotations$Denotation.info(Denotations.scala:189)
	at dotty.tools.dotc.core.SymDenotations$ClassDenotation.computeMembersNamed(SymDenotations.scala:2040)
	at dotty.tools.dotc.core.SymDenotations$ClassDenotation.membersNamed(SymDenotations.scala:2010)
	at dotty.tools.dotc.core.SymDenotations$ClassDenotation.membersNamedNoShadowingBasedOnFlags(SymDenotations.scala:2033)
	at dotty.tools.dotc.core.SymDenotations$ClassDenotation.nonPrivateMembersNamed(SymDenotations.scala:2023)
	at dotty.tools.dotc.core.SymDenotations$PackageClassDenotation.recur$5(SymDenotations.scala:2387)
	at dotty.tools.dotc.core.SymDenotations$PackageClassDenotation.computeMembersNamed(SymDenotations.scala:2451)
	at dotty.tools.dotc.core.SymDenotations$ClassDenotation.membersNamed(SymDenotations.scala:2010)
	at dotty.tools.dotc.core.SymDenotations$ClassDenotation.findMember(SymDenotations.scala:2061)
	at dotty.tools.dotc.core.Types$Type.go$1(Types.scala:683)
	at dotty.tools.dotc.core.Types$Type.findMember(Types.scala:876)
	at dotty.tools.dotc.core.Types$Type.memberBasedOnFlags(Types.scala:666)
	at dotty.tools.dotc.core.Types$Type.member(Types.scala:650)
	at dotty.tools.dotc.core.Denotations$.select$1(Denotations.scala:1290)
	at dotty.tools.dotc.core.Denotations$.recurSimple$1(Denotations.scala:1320)
	at dotty.tools.dotc.core.Denotations$.recurSimple$1(Denotations.scala:1317)
	at dotty.tools.dotc.core.Denotations$.recurSimple$1(Denotations.scala:1317)
	at dotty.tools.dotc.core.Denotations$.recurSimple$1(Denotations.scala:1317)
	at dotty.tools.dotc.core.Denotations$.recurSimple$1(Denotations.scala:1317)
	at dotty.tools.dotc.core.Denotations$.recurSimple$1(Denotations.scala:1317)
	at dotty.tools.dotc.core.Denotations$.recur$1(Denotations.scala:1322)
	at dotty.tools.dotc.core.Denotations$.staticRef$$anonfun$1(Denotations.scala:1327)
	at dotty.tools.dotc.util.GenericHashMap.getOrElseUpdate(GenericHashMap.scala:133)
	at dotty.tools.dotc.core.Denotations$.staticRef(Denotations.scala:1327)
	at dotty.tools.dotc.core.Symbols$.requiredClass(Symbols.scala:875)
	at dotty.tools.dotc.core.classfile.ClassfileParser.lookupTopLevel$1(ClassfileParser.scala:119)
	at dotty.tools.dotc.core.classfile.ClassfileParser.classNameToSymbol(ClassfileParser.scala:128)
	at dotty.tools.dotc.core.classfile.ClassfileParser.getClassSymbol(ClassfileParser.scala:1186)
	at dotty.tools.dotc.core.classfile.ClassfileParser$ConstantPool.getClassSymbol(ClassfileParser.scala:1253)
	at dotty.tools.dotc.core.classfile.ClassfileParser$ConstantPool.getSuperClass(ClassfileParser.scala:1302)
	at dotty.tools.dotc.core.classfile.ClassfileParser.parseParents$1(ClassfileParser.scala:181)
	at dotty.tools.dotc.core.classfile.ClassfileParser.parseClass(ClassfileParser.scala:197)
	at dotty.tools.dotc.core.classfile.ClassfileParser.$anonfun$1(ClassfileParser.scala:88)
	at dotty.tools.dotc.core.classfile.ClassfileParser.run(ClassfileParser.scala:83)
	at dotty.tools.dotc.core.ClassfileLoader.load(SymbolLoaders.scala:411)
	at dotty.tools.dotc.core.ClassfileLoader.doComplete(SymbolLoaders.scala:406)
	at dotty.tools.dotc.core.SymbolLoader$$anon$1.doComplete(SymbolLoaders.scala:325)
	at dotty.tools.dotc.core.SymbolLoader.complete(SymbolLoaders.scala:340)
	at dotty.tools.dotc.core.SymDenotations$SymDenotation.completeFrom(SymDenotations.scala:167)
	at dotty.tools.dotc.core.Denotations$Denotation.completeInfo$1(Denotations.scala:187)
	at dotty.tools.dotc.core.Denotations$Denotation.info(Denotations.scala:189)
	at dotty.tools.dotc.core.SymDenotations$SymDenotation.ensureCompleted(SymDenotations.scala:369)
	at dotty.tools.dotc.core.SymDenotations$SymDenotation.flags(SymDenotations.scala:64)
	at dotty.tools.dotc.core.SymDenotations$ModuleCompleter.complete(SymDenotations.scala:2690)
	at dotty.tools.dotc.core.SymDenotations$SymDenotation.completeFrom(SymDenotations.scala:167)
	at dotty.tools.dotc.core.Denotations$Denotation.completeInfo$1(Denotations.scala:187)
	at dotty.tools.dotc.core.Denotations$Denotation.info(Denotations.scala:189)
	at dotty.tools.dotc.core.SymDenotations$SymDenotation.ensureCompleted(SymDenotations.scala:369)
	at dotty.tools.dotc.core.SymDenotations$SymDenotation.flags(SymDenotations.scala:64)
	at dotty.tools.dotc.core.SymDenotations$SymDenotation.is(SymDenotations.scala:106)
	at dotty.tools.dotc.core.SymDenotations$SymDenotation.accessBoundary(SymDenotations.scala:1389)
	at dotty.tools.dotc.core.SymDenotations$SymDenotation.isPublic(SymDenotations.scala:1396)
	at scala.meta.internal.pc.CompilerSearchVisitor.isAccessible(CompilerSearchVisitor.scala:25)
	at scala.meta.internal.pc.CompilerSearchVisitor.$anonfun$1$$anonfun$3(CompilerSearchVisitor.scala:45)
	at scala.collection.immutable.List.filter(List.scala:515)
	at scala.meta.internal.pc.CompilerSearchVisitor.$anonfun$1(CompilerSearchVisitor.scala:45)
	at scala.collection.immutable.List.flatMap(List.scala:293)
	at scala.meta.internal.pc.CompilerSearchVisitor.loop$1(CompilerSearchVisitor.scala:45)
	at scala.meta.internal.pc.CompilerSearchVisitor.toSymbols(CompilerSearchVisitor.scala:51)
	at scala.meta.internal.pc.CompilerSearchVisitor.visitClassfile(CompilerSearchVisitor.scala:62)
	at scala.meta.internal.metals.ClasspathSearch.$anonfun$search$5(ClasspathSearch.scala:49)
	at scala.meta.internal.metals.ClasspathSearch.$anonfun$search$5$adapted(ClasspathSearch.scala:39)
	at scala.collection.IterableOnceOps.foreach(IterableOnce.scala:575)
	at scala.collection.IterableOnceOps.foreach$(IterableOnce.scala:573)
	at scala.collection.AbstractIterator.foreach(Iterator.scala:1300)
	at scala.meta.internal.metals.ClasspathSearch.search(ClasspathSearch.scala:39)
	at scala.meta.internal.metals.WorkspaceSymbolProvider.search(WorkspaceSymbolProvider.scala:62)
	at scala.meta.internal.metals.MetalsSymbolSearch.search(MetalsSymbolSearch.scala:99)
	at scala.meta.internal.pc.completions.Completions.enrichWithSymbolSearch(Completions.scala:571)
	at scala.meta.internal.pc.completions.Completions.filterInteresting(Completions.scala:652)
	at scala.meta.internal.pc.completions.Completions.completions(Completions.scala:206)
	at scala.meta.internal.pc.completions.CompletionProvider.completions(CompletionProvider.scala:86)
	at scala.meta.internal.pc.ScalaPresentationCompiler.complete$$anonfun$1(ScalaPresentationCompiler.scala:108)
	at scala.meta.internal.pc.CompilerAccess.withSharedCompiler(CompilerAccess.scala:137)
	at scala.meta.internal.pc.CompilerAccess.$anonfun$1(CompilerAccess.scala:88)
	at scala.meta.internal.pc.CompilerAccess.onCompilerJobQueue$$anonfun$1(CompilerAccess.scala:197)
	at scala.meta.internal.pc.CompilerJobQueue$Job.run(CompilerJobQueue.scala:152)
	at java.util.concurrent.ThreadPoolExecutor.runWorker(ThreadPoolExecutor.java:1149)
	at java.util.concurrent.ThreadPoolExecutor$Worker.run(ThreadPoolExecutor.java:624)
	at java.lang.Thread.run(Thread.java:748)

Downloading https://repo1.maven.org/maven2/org/scalameta/scalafmt-core_2.13/3.5.9/scalafmt-core_2.13-3.5.9.pom
Downloaded https://repo1.maven.org/maven2/org/scalameta/scalafmt-core_2.13/3.5.9/scalafmt-core_2.13-3.5.9.pom
Downloading https://repo1.maven.org/maven2/org/scalameta/scalafmt-sysops_2.13/3.5.9/scalafmt-sysops_2.13-3.5.9.pom
Downloading https://repo1.maven.org/maven2/org/scalameta/scalameta_2.13/4.5.12/scalameta_2.13-4.5.12.pom
Downloading https://repo1.maven.org/maven2/org/scalameta/scalafmt-config_2.13/3.5.9/scalafmt-config_2.13-3.5.9.pom
Downloaded https://repo1.maven.org/maven2/org/scalameta/scalafmt-sysops_2.13/3.5.9/scalafmt-sysops_2.13-3.5.9.pom
Downloaded https://repo1.maven.org/maven2/org/scalameta/scalafmt-config_2.13/3.5.9/scalafmt-config_2.13-3.5.9.pom
Downloaded https://repo1.maven.org/maven2/org/scalameta/scalameta_2.13/4.5.12/scalameta_2.13-4.5.12.pom
Downloading https://repo1.maven.org/maven2/org/scalameta/parsers_2.13/4.5.12/parsers_2.13-4.5.12.pom
Downloading https://repo1.maven.org/maven2/org/scala-lang/scalap/2.13.8/scalap-2.13.8.pom
Downloaded https://repo1.maven.org/maven2/org/scalameta/parsers_2.13/4.5.12/parsers_2.13-4.5.12.pom
Downloaded https://repo1.maven.org/maven2/org/scala-lang/scalap/2.13.8/scalap-2.13.8.pom
Downloading https://repo1.maven.org/maven2/org/scalameta/trees_2.13/4.5.12/trees_2.13-4.5.12.pom
Downloaded https://repo1.maven.org/maven2/org/scalameta/trees_2.13/4.5.12/trees_2.13-4.5.12.pom
Downloading https://repo1.maven.org/maven2/org/scalameta/common_2.13/4.5.12/common_2.13-4.5.12.pom
Downloaded https://repo1.maven.org/maven2/org/scalameta/common_2.13/4.5.12/common_2.13-4.5.12.pom
Downloading https://repo1.maven.org/maven2/org/scalameta/scalafmt-sysops_2.13/3.5.9/scalafmt-sysops_2.13-3.5.9.jar
Downloading https://repo1.maven.org/maven2/org/scalameta/common_2.13/4.5.12/common_2.13-4.5.12.jar
Downloading https://repo1.maven.org/maven2/org/scala-lang/scalap/2.13.8/scalap-2.13.8.jar
Downloading https://repo1.maven.org/maven2/org/scalameta/parsers_2.13/4.5.12/parsers_2.13-4.5.12.jar
Downloading https://repo1.maven.org/maven2/org/scalameta/scalafmt-core_2.13/3.5.9/scalafmt-core_2.13-3.5.9.jar
Downloading https://repo1.maven.org/maven2/org/scalameta/trees_2.13/4.5.12/trees_2.13-4.5.12.jar
Downloaded https://repo1.maven.org/maven2/org/scalameta/scalafmt-sysops_2.13/3.5.9/scalafmt-sysops_2.13-3.5.9.jar
Downloading https://repo1.maven.org/maven2/org/scalameta/scalafmt-config_2.13/3.5.9/scalafmt-config_2.13-3.5.9.jar
Downloaded https://repo1.maven.org/maven2/org/scalameta/scalafmt-config_2.13/3.5.9/scalafmt-config_2.13-3.5.9.jar
Downloading https://repo1.maven.org/maven2/org/scalameta/scalameta_2.13/4.5.12/scalameta_2.13-4.5.12.jar
Downloaded https://repo1.maven.org/maven2/org/scalameta/scalameta_2.13/4.5.12/scalameta_2.13-4.5.12.jar
Downloaded https://repo1.maven.org/maven2/org/scalameta/scalafmt-core_2.13/3.5.9/scalafmt-core_2.13-3.5.9.jar
Downloaded https://repo1.maven.org/maven2/org/scalameta/common_2.13/4.5.12/common_2.13-4.5.12.jar
Downloaded https://repo1.maven.org/maven2/org/scala-lang/scalap/2.13.8/scalap-2.13.8.jar
Downloaded https://repo1.maven.org/maven2/org/scalameta/parsers_2.13/4.5.12/parsers_2.13-4.5.12.jar
Downloaded https://repo1.maven.org/maven2/org/scalameta/trees_2.13/4.5.12/trees_2.13-4.5.12.jar
2023.01.02 10:43:35 INFO  compiling draft.sc
2023.01.02 10:43:35 INFO  time: compiled draft.sc in 0.72s
Jan 02, 2023 10:44:09 AM org.eclipse.lsp4j.jsonrpc.RemoteEndpoint handleCancellation
WARNING: Unmatched cancel notification for request id 82
2023.01.02 10:44:09 ERROR scalafmt: /Users/julianmclain/code/yay-area/.scalafmt.conf: Invalid version: 2.13
Jan 02, 2023 10:44:09 AM org.eclipse.lsp4j.jsonrpc.RemoteEndpoint handleCancellation
WARNING: Unmatched cancel notification for request id 83
Jan 02, 2023 10:44:09 AM org.eclipse.lsp4j.jsonrpc.RemoteEndpoint handleCancellation
WARNING: Unmatched cancel notification for request id 85
exception caught when loading module class package$: java.lang.AssertionError: assertion failed: coursierapi.shaded.coursier.package$. already has a symbol
exception caught when loading module class Tag$: java.lang.AssertionError: assertion failed: coursierapi.shaded.coursier.package$. already has a symbol
Jan 02, 2023 10:44:14 AM scala.meta.internal.pc.CompilerSearchVisitor isAccessible
SEVERE: assertion failed: coursierapi.shaded.coursier.package$. already has a symbol
java.lang.AssertionError: assertion failed: coursierapi.shaded.coursier.package$. already has a symbol
	at scala.runtime.Scala3RunTime$.assertFailed(Scala3RunTime.scala:8)
	at dotty.tools.dotc.core.SymbolLoaders$.enterNew(SymbolLoaders.scala:42)
	at dotty.tools.dotc.core.SymbolLoaders$.enterClass(SymbolLoaders.scala:53)
	at dotty.tools.dotc.core.SymbolLoaders$.enterClassAndModule(SymbolLoaders.scala:104)
	at dotty.tools.dotc.core.classfile.ClassfileParser.enterClassAndModule$1(ClassfileParser.scala:857)
	at dotty.tools.dotc.core.classfile.ClassfileParser.enterOwnInnerClasses$$anonfun$1(ClassfileParser.scala:865)
	at scala.runtime.function.JProcedure1.apply(JProcedure1.java:15)
	at scala.runtime.function.JProcedure1.apply(JProcedure1.java:10)
	at scala.collection.IterableOnceOps.foreach(IterableOnce.scala:575)
	at scala.collection.IterableOnceOps.foreach$(IterableOnce.scala:573)
	at dotty.tools.dotc.util.GenericHashMap$EntryIterator.foreach(GenericHashMap.scala:166)
	at dotty.tools.dotc.core.classfile.ClassfileParser.enterOwnInnerClasses(ClassfileParser.scala:865)
	at dotty.tools.dotc.core.classfile.ClassfileParser.parseClass(ClassfileParser.scala:201)
	at dotty.tools.dotc.core.classfile.ClassfileParser.$anonfun$1(ClassfileParser.scala:88)
	at dotty.tools.dotc.core.classfile.ClassfileParser.run(ClassfileParser.scala:83)
	at dotty.tools.dotc.core.ClassfileLoader.load(SymbolLoaders.scala:411)
	at dotty.tools.dotc.core.ClassfileLoader.doComplete(SymbolLoaders.scala:406)
	at dotty.tools.dotc.core.SymbolLoader$$anon$1.doComplete(SymbolLoaders.scala:325)
	at dotty.tools.dotc.core.SymbolLoader.complete(SymbolLoaders.scala:340)
	at dotty.tools.dotc.core.SymDenotations$SymDenotation.completeFrom(SymDenotations.scala:167)
	at dotty.tools.dotc.core.Denotations$Denotation.completeInfo$1(Denotations.scala:187)
	at dotty.tools.dotc.core.Denotations$Denotation.info(Denotations.scala:189)
	at dotty.tools.dotc.core.SymDenotations$ClassDenotation.computeMembersNamed(SymDenotations.scala:2040)
	at dotty.tools.dotc.core.SymDenotations$ClassDenotation.membersNamed(SymDenotations.scala:2010)
	at dotty.tools.dotc.core.SymDenotations$ClassDenotation.membersNamedNoShadowingBasedOnFlags(SymDenotations.scala:2033)
	at dotty.tools.dotc.core.SymDenotations$ClassDenotation.nonPrivateMembersNamed(SymDenotations.scala:2023)
	at dotty.tools.dotc.core.SymDenotations$PackageClassDenotation.recur$5(SymDenotations.scala:2387)
	at dotty.tools.dotc.core.SymDenotations$PackageClassDenotation.computeMembersNamed(SymDenotations.scala:2451)
	at dotty.tools.dotc.core.SymDenotations$ClassDenotation.membersNamed(SymDenotations.scala:2010)
	at dotty.tools.dotc.core.SymDenotations$ClassDenotation.findMember(SymDenotations.scala:2061)
	at dotty.tools.dotc.core.Types$Type.go$1(Types.scala:683)
	at dotty.tools.dotc.core.Types$Type.findMember(Types.scala:876)
	at dotty.tools.dotc.core.Types$Type.memberBasedOnFlags(Types.scala:666)
	at dotty.tools.dotc.core.Types$Type.member(Types.scala:650)
	at dotty.tools.dotc.core.Denotations$.select$1(Denotations.scala:1290)
	at dotty.tools.dotc.core.Denotations$.recurSimple$1(Denotations.scala:1320)
	at dotty.tools.dotc.core.Denotations$.recurSimple$1(Denotations.scala:1317)
	at dotty.tools.dotc.core.Denotations$.recurSimple$1(Denotations.scala:1317)
	at dotty.tools.dotc.core.Denotations$.recurSimple$1(Denotations.scala:1317)
	at dotty.tools.dotc.core.Denotations$.recurSimple$1(Denotations.scala:1317)
	at dotty.tools.dotc.core.Denotations$.recurSimple$1(Denotations.scala:1317)
	at dotty.tools.dotc.core.Denotations$.recur$1(Denotations.scala:1322)
	at dotty.tools.dotc.core.Denotations$.staticRef$$anonfun$1(Denotations.scala:1327)
	at dotty.tools.dotc.util.GenericHashMap.getOrElseUpdate(GenericHashMap.scala:133)
	at dotty.tools.dotc.core.Denotations$.staticRef(Denotations.scala:1327)
	at dotty.tools.dotc.core.Symbols$.requiredClass(Symbols.scala:875)
	at dotty.tools.dotc.core.classfile.ClassfileParser.lookupTopLevel$1(ClassfileParser.scala:119)
	at dotty.tools.dotc.core.classfile.ClassfileParser.classNameToSymbol(ClassfileParser.scala:128)
	at dotty.tools.dotc.core.classfile.ClassfileParser.getClassSymbol(ClassfileParser.scala:1186)
	at dotty.tools.dotc.core.classfile.ClassfileParser$ConstantPool.getClassSymbol(ClassfileParser.scala:1253)
	at dotty.tools.dotc.core.classfile.ClassfileParser$ConstantPool.getSuperClass(ClassfileParser.scala:1302)
	at dotty.tools.dotc.core.classfile.ClassfileParser.parseParents$1(ClassfileParser.scala:181)
	at dotty.tools.dotc.core.classfile.ClassfileParser.parseClass(ClassfileParser.scala:197)
	at dotty.tools.dotc.core.classfile.ClassfileParser.$anonfun$1(ClassfileParser.scala:88)
	at dotty.tools.dotc.core.classfile.ClassfileParser.run(ClassfileParser.scala:83)
	at dotty.tools.dotc.core.ClassfileLoader.load(SymbolLoaders.scala:411)
	at dotty.tools.dotc.core.ClassfileLoader.doComplete(SymbolLoaders.scala:406)
	at dotty.tools.dotc.core.SymbolLoader$$anon$1.doComplete(SymbolLoaders.scala:325)
	at dotty.tools.dotc.core.SymbolLoader.complete(SymbolLoaders.scala:340)
	at dotty.tools.dotc.core.SymDenotations$SymDenotation.completeFrom(SymDenotations.scala:167)
	at dotty.tools.dotc.core.Denotations$Denotation.completeInfo$1(Denotations.scala:187)
	at dotty.tools.dotc.core.Denotations$Denotation.info(Denotations.scala:189)
	at dotty.tools.dotc.core.SymDenotations$SymDenotation.ensureCompleted(SymDenotations.scala:369)
	at dotty.tools.dotc.core.SymDenotations$SymDenotation.flags(SymDenotations.scala:64)
	at dotty.tools.dotc.core.SymDenotations$ModuleCompleter.complete(SymDenotations.scala:2690)
	at dotty.tools.dotc.core.SymDenotations$SymDenotation.completeFrom(SymDenotations.scala:167)
	at dotty.tools.dotc.core.Denotations$Denotation.completeInfo$1(Denotations.scala:187)
	at dotty.tools.dotc.core.Denotations$Denotation.info(Denotations.scala:189)
	at dotty.tools.dotc.core.SymDenotations$SymDenotation.ensureCompleted(SymDenotations.scala:369)
	at dotty.tools.dotc.core.SymDenotations$SymDenotation.flags(SymDenotations.scala:64)
	at dotty.tools.dotc.core.SymDenotations$SymDenotation.is(SymDenotations.scala:106)
	at dotty.tools.dotc.core.SymDenotations$SymDenotation.accessBoundary(SymDenotations.scala:1389)
	at dotty.tools.dotc.core.SymDenotations$SymDenotation.isPublic(SymDenotations.scala:1396)
	at scala.meta.internal.pc.CompilerSearchVisitor.isAccessible(CompilerSearchVisitor.scala:25)
	at scala.meta.internal.pc.CompilerSearchVisitor.$anonfun$1$$anonfun$3(CompilerSearchVisitor.scala:45)
	at scala.collection.immutable.List.filter(List.scala:515)
	at scala.meta.internal.pc.CompilerSearchVisitor.$anonfun$1(CompilerSearchVisitor.scala:45)
	at scala.collection.immutable.List.flatMap(List.scala:293)
	at scala.meta.internal.pc.CompilerSearchVisitor.loop$1(CompilerSearchVisitor.scala:45)
	at scala.meta.internal.pc.CompilerSearchVisitor.toSymbols(CompilerSearchVisitor.scala:51)
	at scala.meta.internal.pc.CompilerSearchVisitor.visitClassfile(CompilerSearchVisitor.scala:62)
	at scala.meta.internal.metals.ClasspathSearch.$anonfun$search$5(ClasspathSearch.scala:49)
	at scala.meta.internal.metals.ClasspathSearch.$anonfun$search$5$adapted(ClasspathSearch.scala:39)
	at scala.collection.IterableOnceOps.foreach(IterableOnce.scala:575)
	at scala.collection.IterableOnceOps.foreach$(IterableOnce.scala:573)
	at scala.collection.AbstractIterator.foreach(Iterator.scala:1300)
	at scala.meta.internal.metals.ClasspathSearch.search(ClasspathSearch.scala:39)
	at scala.meta.internal.metals.WorkspaceSymbolProvider.search(WorkspaceSymbolProvider.scala:62)
	at scala.meta.internal.metals.MetalsSymbolSearch.search(MetalsSymbolSearch.scala:99)
	at scala.meta.internal.pc.completions.Completions.enrichWithSymbolSearch(Completions.scala:571)
	at scala.meta.internal.pc.completions.Completions.filterInteresting(Completions.scala:652)
	at scala.meta.internal.pc.completions.Completions.completions(Completions.scala:206)
	at scala.meta.internal.pc.completions.CompletionProvider.completions(CompletionProvider.scala:86)
	at scala.meta.internal.pc.ScalaPresentationCompiler.complete$$anonfun$1(ScalaPresentationCompiler.scala:108)
	at scala.meta.internal.pc.CompilerAccess.withSharedCompiler(CompilerAccess.scala:137)
	at scala.meta.internal.pc.CompilerAccess.$anonfun$1(CompilerAccess.scala:88)
	at scala.meta.internal.pc.CompilerAccess.onCompilerJobQueue$$anonfun$1(CompilerAccess.scala:197)
	at scala.meta.internal.pc.CompilerJobQueue$Job.run(CompilerJobQueue.scala:152)
	at java.util.concurrent.ThreadPoolExecutor.runWorker(ThreadPoolExecutor.java:1149)
	at java.util.concurrent.ThreadPoolExecutor$Worker.run(ThreadPoolExecutor.java:624)
	at java.lang.Thread.run(Thread.java:748)

2023.01.02 10:44:15 ERROR scalafmt: /Users/julianmclain/code/yay-area/.scalafmt.conf: Invalid version: 2.13
2023.01.02 10:50:06 WARN  Ammonite does not support `buildTarget/jvmRunEnvironment`, unable to fetch run environment.
2023.01.02 10:50:06 WARN  Could not find java sources in /Library/Internet Plug-Ins/JavaAppletPlugin.plugin/Contents/src.zip, /Library/Internet Plug-Ins/JavaAppletPlugin.plugin/Contents/lib/src.zip, /Library/Internet Plug-Ins/JavaAppletPlugin.plugin/Contents/Home/src.zip, /Library/Internet Plug-Ins/JavaAppletPlugin.plugin/Contents/Home/lib/src.zip. Java symbols will not be available.
2023.01.02 10:50:06 WARN  Could not find java sources in /Library/Internet Plug-Ins/JavaAppletPlugin.plugin/Contents/src.zip, /Library/Internet Plug-Ins/JavaAppletPlugin.plugin/Contents/lib/src.zip, /Library/Internet Plug-Ins/JavaAppletPlugin.plugin/Contents/Home/src.zip, /Library/Internet Plug-Ins/JavaAppletPlugin.plugin/Contents/Home/lib/src.zip. Java symbols will not be available.
2023.01.02 10:50:06 WARN  Could not find java sources in /Library/Internet Plug-Ins/JavaAppletPlugin.plugin/Contents/src.zip, /Library/Internet Plug-Ins/JavaAppletPlugin.plugin/Contents/lib/src.zip, /Library/Internet Plug-Ins/JavaAppletPlugin.plugin/Contents/Home/src.zip, /Library/Internet Plug-Ins/JavaAppletPlugin.plugin/Contents/Home/lib/src.zip. Java symbols will not be available.
2023.01.02 10:50:06 INFO  time: indexed workspace in 0.41s
Jan 02, 2023 10:50:38 AM org.eclipse.lsp4j.jsonrpc.RemoteEndpoint handleCancellation
WARNING: Unmatched cancel notification for request id 161
Jan 02, 2023 10:54:33 AM org.eclipse.lsp4j.jsonrpc.RemoteEndpoint handleCancellation
WARNING: Unmatched cancel notification for request id 596
Jan 02, 2023 10:56:59 AM org.eclipse.lsp4j.jsonrpc.RemoteEndpoint fallbackResponseError
SEVERE: Internal error: java.lang.StringIndexOutOfBoundsException: String index out of range: 415
java.util.concurrent.CompletionException: java.lang.StringIndexOutOfBoundsException: String index out of range: 415
	at java.util.concurrent.CompletableFuture.encodeThrowable(CompletableFuture.java:292)
	at java.util.concurrent.CompletableFuture.completeThrowable(CompletableFuture.java:308)
	at java.util.concurrent.CompletableFuture.uniAccept(CompletableFuture.java:661)
	at java.util.concurrent.CompletableFuture$UniAccept.tryFire(CompletableFuture.java:646)
	at java.util.concurrent.CompletableFuture.postComplete(CompletableFuture.java:488)
	at java.util.concurrent.CompletableFuture.completeExceptionally(CompletableFuture.java:1990)
	at scala.meta.internal.metals.CancelTokens$.$anonfun$future$1(CancelTokens.scala:40)
	at scala.meta.internal.metals.CancelTokens$.$anonfun$future$1$adapted(CancelTokens.scala:38)
	at scala.concurrent.impl.Promise$Transformation.run(Promise.scala:484)
	at java.util.concurrent.ThreadPoolExecutor.runWorker(ThreadPoolExecutor.java:1149)
	at java.util.concurrent.ThreadPoolExecutor$Worker.run(ThreadPoolExecutor.java:624)
	at java.lang.Thread.run(Thread.java:748)
Caused by: java.lang.StringIndexOutOfBoundsException: String index out of range: 415
	at java.lang.String.substring(String.java:1963)
	at scala.meta.internal.metals.codeactions.FlatMapToForComprehensionCodeAction.getIndentForPos(FlatMapToForComprehensionCodeAction.scala:677)
	at scala.meta.internal.metals.codeactions.FlatMapToForComprehensionCodeAction.$anonfun$contribute$4(FlatMapToForComprehensionCodeAction.scala:57)
	at scala.Option.map(Option.scala:242)
	at scala.meta.internal.metals.codeactions.FlatMapToForComprehensionCodeAction.$anonfun$contribute$3(FlatMapToForComprehensionCodeAction.scala:53)
	at scala.Option.flatMap(Option.scala:283)
	at scala.meta.internal.metals.codeactions.FlatMapToForComprehensionCodeAction.$anonfun$contribute$2(FlatMapToForComprehensionCodeAction.scala:52)
	at scala.Option.flatMap(Option.scala:283)
	at scala.meta.internal.metals.codeactions.FlatMapToForComprehensionCodeAction.$anonfun$contribute$1(FlatMapToForComprehensionCodeAction.scala:51)
	at scala.concurrent.Future$.$anonfun$apply$1(Future.scala:678)
	at scala.concurrent.impl.Promise$Transformation.run(Promise.scala:467)
	... 3 more

Jan 02, 2023 10:57:00 AM org.eclipse.lsp4j.jsonrpc.RemoteEndpoint fallbackResponseError
SEVERE: Internal error: java.lang.StringIndexOutOfBoundsException: String index out of range: 415
java.util.concurrent.CompletionException: java.lang.StringIndexOutOfBoundsException: String index out of range: 415
	at java.util.concurrent.CompletableFuture.encodeThrowable(CompletableFuture.java:292)
	at java.util.concurrent.CompletableFuture.completeThrowable(CompletableFuture.java:308)
	at java.util.concurrent.CompletableFuture.uniAccept(CompletableFuture.java:661)
	at java.util.concurrent.CompletableFuture$UniAccept.tryFire(CompletableFuture.java:646)
	at java.util.concurrent.CompletableFuture.postComplete(CompletableFuture.java:488)
	at java.util.concurrent.CompletableFuture.completeExceptionally(CompletableFuture.java:1990)
	at scala.meta.internal.metals.CancelTokens$.$anonfun$future$1(CancelTokens.scala:40)
	at scala.meta.internal.metals.CancelTokens$.$anonfun$future$1$adapted(CancelTokens.scala:38)
	at scala.concurrent.impl.Promise$Transformation.run(Promise.scala:484)
	at java.util.concurrent.ThreadPoolExecutor.runWorker(ThreadPoolExecutor.java:1149)
	at java.util.concurrent.ThreadPoolExecutor$Worker.run(ThreadPoolExecutor.java:624)
	at java.lang.Thread.run(Thread.java:748)
Caused by: java.lang.StringIndexOutOfBoundsException: String index out of range: 415
	at java.lang.String.substring(String.java:1963)
	at scala.meta.internal.metals.codeactions.FlatMapToForComprehensionCodeAction.getIndentForPos(FlatMapToForComprehensionCodeAction.scala:677)
	at scala.meta.internal.metals.codeactions.FlatMapToForComprehensionCodeAction.$anonfun$contribute$4(FlatMapToForComprehensionCodeAction.scala:57)
	at scala.Option.map(Option.scala:242)
	at scala.meta.internal.metals.codeactions.FlatMapToForComprehensionCodeAction.$anonfun$contribute$3(FlatMapToForComprehensionCodeAction.scala:53)
	at scala.Option.flatMap(Option.scala:283)
	at scala.meta.internal.metals.codeactions.FlatMapToForComprehensionCodeAction.$anonfun$contribute$2(FlatMapToForComprehensionCodeAction.scala:52)
	at scala.Option.flatMap(Option.scala:283)
	at scala.meta.internal.metals.codeactions.FlatMapToForComprehensionCodeAction.$anonfun$contribute$1(FlatMapToForComprehensionCodeAction.scala:51)
	at scala.concurrent.Future$.$anonfun$apply$1(Future.scala:678)
	at scala.concurrent.impl.Promise$Transformation.run(Promise.scala:467)
	... 3 more

